<?xml version="1.0" encoding="UTF-8"?>
<coverage generated="1545465858585" clover="3.2.0">
  <project timestamp="1545465858585" name="All files">
    <metrics statements="5" coveredstatements="0" conditionals="0" coveredconditionals="0" methods="2" coveredmethods="0" elements="7" coveredelements="0" complexity="0" loc="5" ncloc="5" packages="1" files="1" classes="1">
      <file name="igdbproxy.js" path="/home/christian/Documents/github/igdb-proxy/src/igdbproxy.js">
        <metrics statements="5" coveredstatements="0" conditionals="0" coveredconditionals="0" methods="2" coveredmethods="0"/>
        <line num="1" count="0" type="stmt"/>
        <line num="10" count="0" type="stmt"/>
        <line num="24" count="0" type="stmt"/>
        <line num="28" count="0" type="stmt"/>
        <line num="32" count="0" type="stmt"/>
      </file>
    </metrics>
  </project>
</coverage>
